[INFO] 2017-05-25 14:46:03,489 [main] caseonline.judger.engine.application.ApplicationBootstrap - Starting Testcase Online Judger ...
[INFO] 2017-05-25 14:46:11,879 [main] com.alibaba.druid.pool.DruidDataSource - {dataSource-1} inited
[INFO] 2017-05-25 14:46:13,086 [main] com.alibaba.druid.pool.DruidDataSource - {dataSource-1} closed
[INFO] 2017-05-25 14:48:25,764 [main] caseonline.judger.engine.application.ApplicationBootstrap - Starting Testcase Online Judger ...
[INFO] 2017-05-25 14:48:27,149 [main] com.alibaba.druid.pool.DruidDataSource - {dataSource-1} inited
[INFO] 2017-05-25 14:48:27,654 [main] com.alibaba.druid.pool.DruidDataSource - {dataSource-1} closed
[INFO] 2017-05-25 14:49:43,895 [main] caseonline.judger.engine.application.ApplicationBootstrap - Starting Testcase Online Judger ...
[INFO] 2017-05-25 14:49:45,213 [main] com.alibaba.druid.pool.DruidDataSource - {dataSource-1} inited
[INFO] 2017-05-25 14:49:46,567 [main] caseonline.judger.engine.application.ApplicationBootstrap - Testcase Online Judge Judger started...
[INFO] 2017-05-25 14:49:56,703 [pool-2-thread-1] caseonline.judger.engine.application.ApplicationHeartbeat - Heartbeat sent to the web server.
[INFO] 2017-05-25 14:50:16,780 [pool-2-thread-1] caseonline.judger.engine.application.ApplicationHeartbeat - Heartbeat sent to the web server.
[INFO] 2017-05-25 14:50:36,571 [pool-2-thread-1] caseonline.judger.engine.application.ApplicationHeartbeat - Heartbeat sent to the web server.
[INFO] 2017-05-25 14:50:56,611 [pool-2-thread-1] caseonline.judger.engine.application.ApplicationHeartbeat - Heartbeat sent to the web server.
[INFO] 2017-05-25 14:51:16,622 [pool-2-thread-1] caseonline.judger.engine.application.ApplicationHeartbeat - Heartbeat sent to the web server.
[INFO] 2017-05-25 14:51:36,616 [pool-2-thread-1] caseonline.judger.engine.application.ApplicationHeartbeat - Heartbeat sent to the web server.
[INFO] 2017-05-25 14:51:56,575 [pool-2-thread-1] caseonline.judger.engine.application.ApplicationHeartbeat - Heartbeat sent to the web server.
[INFO] 2017-05-25 14:52:16,577 [pool-2-thread-1] caseonline.judger.engine.application.ApplicationHeartbeat - Heartbeat sent to the web server.
[INFO] 2017-05-25 14:52:27,047 [ActiveMQ Session Task-1] caseonline.judger.engine.messenger.MessageReceiver - 收到任务
[WARN] 2017-05-25 14:52:28,368 [ActiveMQ Session Task-1] caseonline.judger.engine.util.FileManager - 创建单个文件/tmp/ant失败，目标文件已存在！
[WARN] 2017-05-25 14:52:28,369 [ActiveMQ Session Task-1] caseonline.judger.engine.util.FileManager - 创建单个文件/tmp/ant失败！
[INFO] 2017-05-25 14:52:36,613 [pool-2-thread-1] caseonline.judger.engine.application.ApplicationHeartbeat - Heartbeat sent to the web server.
[INFO] 2017-05-25 14:52:56,613 [pool-2-thread-1] caseonline.judger.engine.application.ApplicationHeartbeat - Heartbeat sent to the web server.
[INFO] 2017-05-25 14:53:16,668 [pool-2-thread-1] caseonline.judger.engine.application.ApplicationHeartbeat - Heartbeat sent to the web server.
[INFO] 2017-05-25 14:53:36,577 [pool-2-thread-1] caseonline.judger.engine.application.ApplicationHeartbeat - Heartbeat sent to the web server.
[INFO] 2017-05-25 14:53:56,577 [pool-2-thread-1] caseonline.judger.engine.application.ApplicationHeartbeat - Heartbeat sent to the web server.
[INFO] 2017-05-25 14:54:16,610 [pool-2-thread-1] caseonline.judger.engine.application.ApplicationHeartbeat - Heartbeat sent to the web server.
[INFO] 2017-05-25 14:54:36,581 [pool-2-thread-1] caseonline.judger.engine.application.ApplicationHeartbeat - Heartbeat sent to the web server.
[INFO] 2017-05-25 14:54:56,613 [pool-2-thread-1] caseonline.judger.engine.application.ApplicationHeartbeat - Heartbeat sent to the web server.
[INFO] 2017-05-25 14:55:16,582 [pool-2-thread-1] caseonline.judger.engine.application.ApplicationHeartbeat - Heartbeat sent to the web server.
[INFO] 2017-05-25 14:55:36,581 [pool-2-thread-1] caseonline.judger.engine.application.ApplicationHeartbeat - Heartbeat sent to the web server.
[INFO] 2017-05-25 14:55:56,606 [pool-2-thread-1] caseonline.judger.engine.application.ApplicationHeartbeat - Heartbeat sent to the web server.
[INFO] 2017-05-25 14:56:16,580 [pool-2-thread-1] caseonline.judger.engine.application.ApplicationHeartbeat - Heartbeat sent to the web server.
[INFO] 2017-05-25 14:56:36,607 [pool-2-thread-1] caseonline.judger.engine.application.ApplicationHeartbeat - Heartbeat sent to the web server.
[INFO] 2017-05-25 14:56:56,640 [pool-2-thread-1] caseonline.judger.engine.application.ApplicationHeartbeat - Heartbeat sent to the web server.
[INFO] 2017-05-25 14:57:16,581 [pool-2-thread-1] caseonline.judger.engine.application.ApplicationHeartbeat - Heartbeat sent to the web server.
[INFO] 2017-05-25 14:57:36,582 [pool-2-thread-1] caseonline.judger.engine.application.ApplicationHeartbeat - Heartbeat sent to the web server.
[INFO] 2017-05-25 14:57:56,583 [pool-2-thread-1] caseonline.judger.engine.application.ApplicationHeartbeat - Heartbeat sent to the web server.
[INFO] 2017-05-25 14:58:16,585 [pool-2-thread-1] caseonline.judger.engine.application.ApplicationHeartbeat - Heartbeat sent to the web server.
[INFO] 2017-05-25 14:58:36,619 [pool-2-thread-1] caseonline.judger.engine.application.ApplicationHeartbeat - Heartbeat sent to the web server.
[INFO] 2017-05-25 14:58:56,615 [pool-2-thread-1] caseonline.judger.engine.application.ApplicationHeartbeat - Heartbeat sent to the web server.
[INFO] 2017-05-25 14:59:16,588 [pool-2-thread-1] caseonline.judger.engine.application.ApplicationHeartbeat - Heartbeat sent to the web server.
[INFO] 2017-05-25 14:59:36,607 [pool-2-thread-1] caseonline.judger.engine.application.ApplicationHeartbeat - Heartbeat sent to the web server.
[INFO] 2017-05-25 14:59:56,613 [pool-2-thread-1] caseonline.judger.engine.application.ApplicationHeartbeat - Heartbeat sent to the web server.
[INFO] 2017-05-25 15:00:16,608 [pool-2-thread-1] caseonline.judger.engine.application.ApplicationHeartbeat - Heartbeat sent to the web server.
[INFO] 2017-05-25 15:00:36,589 [pool-2-thread-1] caseonline.judger.engine.application.ApplicationHeartbeat - Heartbeat sent to the web server.
[INFO] 2017-05-25 15:00:56,614 [pool-2-thread-1] caseonline.judger.engine.application.ApplicationHeartbeat - Heartbeat sent to the web server.
[INFO] 2017-05-25 15:01:16,612 [pool-2-thread-1] caseonline.judger.engine.application.ApplicationHeartbeat - Heartbeat sent to the web server.
[INFO] 2017-05-25 15:01:36,589 [pool-2-thread-1] caseonline.judger.engine.application.ApplicationHeartbeat - Heartbeat sent to the web server.
[INFO] 2017-05-25 15:01:56,591 [pool-2-thread-1] caseonline.judger.engine.application.ApplicationHeartbeat - Heartbeat sent to the web server.
[INFO] 2017-05-25 15:02:16,594 [pool-2-thread-1] caseonline.judger.engine.application.ApplicationHeartbeat - Heartbeat sent to the web server.
[INFO] 2017-05-25 15:02:36,617 [pool-2-thread-1] caseonline.judger.engine.application.ApplicationHeartbeat - Heartbeat sent to the web server.
[INFO] 2017-05-25 15:02:56,595 [pool-2-thread-1] caseonline.judger.engine.application.ApplicationHeartbeat - Heartbeat sent to the web server.
[INFO] 2017-05-25 15:03:16,616 [pool-2-thread-1] caseonline.judger.engine.application.ApplicationHeartbeat - Heartbeat sent to the web server.
[INFO] 2017-05-25 15:03:36,608 [pool-2-thread-1] caseonline.judger.engine.application.ApplicationHeartbeat - Heartbeat sent to the web server.
[INFO] 2017-05-25 15:03:56,593 [pool-2-thread-1] caseonline.judger.engine.application.ApplicationHeartbeat - Heartbeat sent to the web server.
[INFO] 2017-05-25 15:04:16,613 [pool-2-thread-1] caseonline.judger.engine.application.ApplicationHeartbeat - Heartbeat sent to the web server.
[INFO] 2017-05-25 15:04:36,607 [pool-2-thread-1] caseonline.judger.engine.application.ApplicationHeartbeat - Heartbeat sent to the web server.
[INFO] 2017-05-25 15:04:56,614 [pool-2-thread-1] caseonline.judger.engine.application.ApplicationHeartbeat - Heartbeat sent to the web server.
[INFO] 2017-05-25 15:05:16,596 [pool-2-thread-1] caseonline.judger.engine.application.ApplicationHeartbeat - Heartbeat sent to the web server.
[INFO] 2017-05-25 15:05:36,611 [pool-2-thread-1] caseonline.judger.engine.application.ApplicationHeartbeat - Heartbeat sent to the web server.
[INFO] 2017-05-25 15:05:56,609 [pool-2-thread-1] caseonline.judger.engine.application.ApplicationHeartbeat - Heartbeat sent to the web server.
[INFO] 2017-05-25 15:06:16,598 [pool-2-thread-1] caseonline.judger.engine.application.ApplicationHeartbeat - Heartbeat sent to the web server.
[INFO] 2017-05-25 15:06:36,599 [pool-2-thread-1] caseonline.judger.engine.application.ApplicationHeartbeat - Heartbeat sent to the web server.
[INFO] 2017-05-25 15:06:56,601 [pool-2-thread-1] caseonline.judger.engine.application.ApplicationHeartbeat - Heartbeat sent to the web server.
[INFO] 2017-05-25 15:07:16,600 [pool-2-thread-1] caseonline.judger.engine.application.ApplicationHeartbeat - Heartbeat sent to the web server.
[INFO] 2017-05-25 15:07:36,601 [pool-2-thread-1] caseonline.judger.engine.application.ApplicationHeartbeat - Heartbeat sent to the web server.
[INFO] 2017-05-25 15:07:56,599 [pool-2-thread-1] caseonline.judger.engine.application.ApplicationHeartbeat - Heartbeat sent to the web server.
[INFO] 2017-05-25 15:08:16,617 [pool-2-thread-1] caseonline.judger.engine.application.ApplicationHeartbeat - Heartbeat sent to the web server.
[INFO] 2017-05-25 15:08:36,654 [pool-2-thread-1] caseonline.judger.engine.application.ApplicationHeartbeat - Heartbeat sent to the web server.
[INFO] 2017-05-25 15:08:56,611 [pool-2-thread-1] caseonline.judger.engine.application.ApplicationHeartbeat - Heartbeat sent to the web server.
[INFO] 2017-05-25 15:09:16,611 [pool-2-thread-1] caseonline.judger.engine.application.ApplicationHeartbeat - Heartbeat sent to the web server.
[INFO] 2017-05-25 15:09:36,603 [pool-2-thread-1] caseonline.judger.engine.application.ApplicationHeartbeat - Heartbeat sent to the web server.
[INFO] 2017-05-25 15:09:56,611 [pool-2-thread-1] caseonline.judger.engine.application.ApplicationHeartbeat - Heartbeat sent to the web server.
[INFO] 2017-05-25 15:10:16,604 [pool-2-thread-1] caseonline.judger.engine.application.ApplicationHeartbeat - Heartbeat sent to the web server.
[INFO] 2017-05-25 15:10:36,604 [pool-2-thread-1] caseonline.judger.engine.application.ApplicationHeartbeat - Heartbeat sent to the web server.
[INFO] 2017-05-25 15:10:43,075 [ActiveMQ Session Task-2] caseonline.judger.engine.messenger.MessageReceiver - 收到任务
[WARN] 2017-05-25 15:10:43,185 [ActiveMQ Session Task-2] caseonline.judger.engine.util.FileManager - 创建单个文件/tmp/ant失败，目标文件已存在！
[WARN] 2017-05-25 15:10:43,186 [ActiveMQ Session Task-2] caseonline.judger.engine.util.FileManager - 创建单个文件/tmp/ant失败！
[INFO] 2017-05-25 15:10:56,606 [pool-2-thread-1] caseonline.judger.engine.application.ApplicationHeartbeat - Heartbeat sent to the web server.
[INFO] 2017-05-25 15:11:16,609 [pool-2-thread-1] caseonline.judger.engine.application.ApplicationHeartbeat - Heartbeat sent to the web server.
[INFO] 2017-05-25 15:11:36,609 [pool-2-thread-1] caseonline.judger.engine.application.ApplicationHeartbeat - Heartbeat sent to the web server.
[INFO] 2017-05-25 15:11:56,608 [pool-2-thread-1] caseonline.judger.engine.application.ApplicationHeartbeat - Heartbeat sent to the web server.
[INFO] 2017-05-25 15:12:16,607 [pool-2-thread-1] caseonline.judger.engine.application.ApplicationHeartbeat - Heartbeat sent to the web server.
[INFO] 2017-05-25 15:12:36,616 [pool-2-thread-1] caseonline.judger.engine.application.ApplicationHeartbeat - Heartbeat sent to the web server.
[INFO] 2017-05-25 15:12:56,616 [pool-2-thread-1] caseonline.judger.engine.application.ApplicationHeartbeat - Heartbeat sent to the web server.
[INFO] 2017-05-25 15:13:16,612 [pool-2-thread-1] caseonline.judger.engine.application.ApplicationHeartbeat - Heartbeat sent to the web server.
[INFO] 2017-05-25 15:13:36,615 [pool-2-thread-1] caseonline.judger.engine.application.ApplicationHeartbeat - Heartbeat sent to the web server.
[INFO] 2017-05-25 15:13:56,614 [pool-2-thread-1] caseonline.judger.engine.application.ApplicationHeartbeat - Heartbeat sent to the web server.
[INFO] 2017-05-25 15:14:16,610 [pool-2-thread-1] caseonline.judger.engine.application.ApplicationHeartbeat - Heartbeat sent to the web server.
[INFO] 2017-05-25 15:14:36,612 [pool-2-thread-1] caseonline.judger.engine.application.ApplicationHeartbeat - Heartbeat sent to the web server.
