[INFO] 2017-06-01 22:49:06,411 [main] caseonline.judger.engine.application.ApplicationBootstrap - Starting Testcase Online Judger ...
[INFO] 2017-06-01 22:49:09,832 [main] com.alibaba.druid.pool.DruidDataSource - {dataSource-1} inited
[INFO] 2017-06-01 22:49:12,140 [main] caseonline.judger.engine.application.ApplicationBootstrap - Testcase Online Judge Judger started...
[INFO] 2017-06-01 22:49:22,377 [pool-2-thread-1] caseonline.judger.engine.application.ApplicationHeartbeat - Heartbeat sent to the web server.
[INFO] 2017-06-01 22:49:42,185 [pool-2-thread-1] caseonline.judger.engine.application.ApplicationHeartbeat - Heartbeat sent to the web server.
[INFO] 2017-06-01 22:50:02,190 [pool-2-thread-1] caseonline.judger.engine.application.ApplicationHeartbeat - Heartbeat sent to the web server.
[INFO] 2017-06-01 22:50:22,144 [pool-2-thread-1] caseonline.judger.engine.application.ApplicationHeartbeat - Heartbeat sent to the web server.
[INFO] 2017-06-01 22:50:42,147 [pool-2-thread-1] caseonline.judger.engine.application.ApplicationHeartbeat - Heartbeat sent to the web server.
[INFO] 2017-06-01 22:50:47,590 [ActiveMQ Session Task-1] caseonline.judger.engine.messenger.MessageReceiver - 收到任务
[WARN] 2017-06-01 22:50:49,056 [ActiveMQ Session Task-1] caseonline.judger.engine.util.FileManager - 创建单个文件/tmp/ant失败，目标文件已存在！
[WARN] 2017-06-01 22:50:49,057 [ActiveMQ Session Task-1] caseonline.judger.engine.util.FileManager - 创建单个文件/tmp/ant失败！
[INFO] 2017-06-01 22:51:02,184 [pool-2-thread-1] caseonline.judger.engine.application.ApplicationHeartbeat - Heartbeat sent to the web server.
[INFO] 2017-06-01 22:51:11,406 [ActiveMQ Session Task-1] caseonline.judger.engine.messenger.MessageReceiver - 收到任务
[WARN] 2017-06-01 22:51:11,556 [ActiveMQ Session Task-1] caseonline.judger.engine.util.FileManager - 创建单个文件/tmp/ant失败，目标文件已存在！
[WARN] 2017-06-01 22:51:11,557 [ActiveMQ Session Task-1] caseonline.judger.engine.util.FileManager - 创建单个文件/tmp/ant失败！
[INFO] 2017-06-01 22:51:22,147 [pool-2-thread-1] caseonline.judger.engine.application.ApplicationHeartbeat - Heartbeat sent to the web server.
[INFO] 2017-06-01 22:51:42,183 [pool-2-thread-1] caseonline.judger.engine.application.ApplicationHeartbeat - Heartbeat sent to the web server.
[INFO] 2017-06-01 22:51:46,638 [ActiveMQ Session Task-2] caseonline.judger.engine.messenger.MessageReceiver - 收到任务
[WARN] 2017-06-01 22:51:46,918 [ActiveMQ Session Task-2] caseonline.judger.engine.util.FileManager - 创建单个文件/tmp/ant失败，目标文件已存在！
[WARN] 2017-06-01 22:51:46,919 [ActiveMQ Session Task-2] caseonline.judger.engine.util.FileManager - 创建单个文件/tmp/ant失败！
[INFO] 2017-06-01 22:52:02,147 [pool-2-thread-1] caseonline.judger.engine.application.ApplicationHeartbeat - Heartbeat sent to the web server.
[INFO] 2017-06-01 22:52:22,146 [pool-2-thread-1] caseonline.judger.engine.application.ApplicationHeartbeat - Heartbeat sent to the web server.
[INFO] 2017-06-01 22:52:42,147 [pool-2-thread-1] caseonline.judger.engine.application.ApplicationHeartbeat - Heartbeat sent to the web server.
[INFO] 2017-06-01 22:53:02,193 [pool-2-thread-1] caseonline.judger.engine.application.ApplicationHeartbeat - Heartbeat sent to the web server.
[INFO] 2017-06-01 22:53:22,185 [pool-2-thread-1] caseonline.judger.engine.application.ApplicationHeartbeat - Heartbeat sent to the web server.
[INFO] 2017-06-01 22:53:42,149 [pool-2-thread-1] caseonline.judger.engine.application.ApplicationHeartbeat - Heartbeat sent to the web server.
[INFO] 2017-06-01 22:54:02,151 [pool-2-thread-1] caseonline.judger.engine.application.ApplicationHeartbeat - Heartbeat sent to the web server.
[INFO] 2017-06-01 22:54:22,187 [pool-2-thread-1] caseonline.judger.engine.application.ApplicationHeartbeat - Heartbeat sent to the web server.
[INFO] 2017-06-01 22:54:42,181 [pool-2-thread-1] caseonline.judger.engine.application.ApplicationHeartbeat - Heartbeat sent to the web server.
[INFO] 2017-06-01 22:55:02,185 [pool-2-thread-1] caseonline.judger.engine.application.ApplicationHeartbeat - Heartbeat sent to the web server.
[INFO] 2017-06-01 22:55:22,192 [pool-2-thread-1] caseonline.judger.engine.application.ApplicationHeartbeat - Heartbeat sent to the web server.
[INFO] 2017-06-01 22:55:42,184 [pool-2-thread-1] caseonline.judger.engine.application.ApplicationHeartbeat - Heartbeat sent to the web server.
[INFO] 2017-06-01 22:56:02,190 [pool-2-thread-1] caseonline.judger.engine.application.ApplicationHeartbeat - Heartbeat sent to the web server.
[INFO] 2017-06-01 22:56:22,154 [pool-2-thread-1] caseonline.judger.engine.application.ApplicationHeartbeat - Heartbeat sent to the web server.
[INFO] 2017-06-01 22:56:42,152 [pool-2-thread-1] caseonline.judger.engine.application.ApplicationHeartbeat - Heartbeat sent to the web server.
[INFO] 2017-06-01 22:57:02,181 [pool-2-thread-1] caseonline.judger.engine.application.ApplicationHeartbeat - Heartbeat sent to the web server.
[INFO] 2017-06-01 22:57:22,186 [pool-2-thread-1] caseonline.judger.engine.application.ApplicationHeartbeat - Heartbeat sent to the web server.
[INFO] 2017-06-01 22:57:42,192 [pool-2-thread-1] caseonline.judger.engine.application.ApplicationHeartbeat - Heartbeat sent to the web server.
[INFO] 2017-06-01 22:58:02,184 [pool-2-thread-1] caseonline.judger.engine.application.ApplicationHeartbeat - Heartbeat sent to the web server.
[INFO] 2017-06-01 22:58:22,168 [pool-2-thread-1] caseonline.judger.engine.application.ApplicationHeartbeat - Heartbeat sent to the web server.
[INFO] 2017-06-01 22:58:42,155 [pool-2-thread-1] caseonline.judger.engine.application.ApplicationHeartbeat - Heartbeat sent to the web server.
[INFO] 2017-06-01 22:59:02,156 [pool-2-thread-1] caseonline.judger.engine.application.ApplicationHeartbeat - Heartbeat sent to the web server.
[INFO] 2017-06-01 22:59:22,159 [pool-2-thread-1] caseonline.judger.engine.application.ApplicationHeartbeat - Heartbeat sent to the web server.
[INFO] 2017-06-01 22:59:42,163 [pool-2-thread-1] caseonline.judger.engine.application.ApplicationHeartbeat - Heartbeat sent to the web server.
[INFO] 2017-06-01 23:00:02,157 [pool-2-thread-1] caseonline.judger.engine.application.ApplicationHeartbeat - Heartbeat sent to the web server.
[INFO] 2017-06-01 23:00:22,185 [pool-2-thread-1] caseonline.judger.engine.application.ApplicationHeartbeat - Heartbeat sent to the web server.
[INFO] 2017-06-01 23:00:42,258 [pool-2-thread-1] caseonline.judger.engine.application.ApplicationHeartbeat - Heartbeat sent to the web server.
[INFO] 2017-06-01 23:01:02,160 [pool-2-thread-1] caseonline.judger.engine.application.ApplicationHeartbeat - Heartbeat sent to the web server.
[INFO] 2017-06-01 23:01:22,160 [pool-2-thread-1] caseonline.judger.engine.application.ApplicationHeartbeat - Heartbeat sent to the web server.
[INFO] 2017-06-01 23:01:42,160 [pool-2-thread-1] caseonline.judger.engine.application.ApplicationHeartbeat - Heartbeat sent to the web server.
[INFO] 2017-06-01 23:02:02,190 [pool-2-thread-1] caseonline.judger.engine.application.ApplicationHeartbeat - Heartbeat sent to the web server.
[INFO] 2017-06-01 23:02:22,177 [pool-2-thread-1] caseonline.judger.engine.application.ApplicationHeartbeat - Heartbeat sent to the web server.
[INFO] 2017-06-01 23:02:42,190 [pool-2-thread-1] caseonline.judger.engine.application.ApplicationHeartbeat - Heartbeat sent to the web server.
[INFO] 2017-06-01 23:03:02,182 [pool-2-thread-1] caseonline.judger.engine.application.ApplicationHeartbeat - Heartbeat sent to the web server.
[INFO] 2017-06-01 23:03:22,187 [pool-2-thread-1] caseonline.judger.engine.application.ApplicationHeartbeat - Heartbeat sent to the web server.
[INFO] 2017-06-01 23:03:42,179 [pool-2-thread-1] caseonline.judger.engine.application.ApplicationHeartbeat - Heartbeat sent to the web server.
[INFO] 2017-06-01 23:04:02,187 [pool-2-thread-1] caseonline.judger.engine.application.ApplicationHeartbeat - Heartbeat sent to the web server.
[INFO] 2017-06-01 23:04:22,179 [pool-2-thread-1] caseonline.judger.engine.application.ApplicationHeartbeat - Heartbeat sent to the web server.
[INFO] 2017-06-01 23:04:42,183 [pool-2-thread-1] caseonline.judger.engine.application.ApplicationHeartbeat - Heartbeat sent to the web server.
[INFO] 2017-06-01 23:05:02,174 [pool-2-thread-1] caseonline.judger.engine.application.ApplicationHeartbeat - Heartbeat sent to the web server.
[INFO] 2017-06-01 23:05:22,179 [pool-2-thread-1] caseonline.judger.engine.application.ApplicationHeartbeat - Heartbeat sent to the web server.
[INFO] 2017-06-01 23:05:42,187 [pool-2-thread-1] caseonline.judger.engine.application.ApplicationHeartbeat - Heartbeat sent to the web server.
[INFO] 2017-06-01 23:06:02,182 [pool-2-thread-1] caseonline.judger.engine.application.ApplicationHeartbeat - Heartbeat sent to the web server.
[INFO] 2017-06-01 23:06:22,192 [pool-2-thread-1] caseonline.judger.engine.application.ApplicationHeartbeat - Heartbeat sent to the web server.
[INFO] 2017-06-01 23:06:42,216 [pool-2-thread-1] caseonline.judger.engine.application.ApplicationHeartbeat - Heartbeat sent to the web server.
[INFO] 2017-06-01 23:07:02,166 [pool-2-thread-1] caseonline.judger.engine.application.ApplicationHeartbeat - Heartbeat sent to the web server.
[INFO] 2017-06-01 23:07:22,187 [pool-2-thread-1] caseonline.judger.engine.application.ApplicationHeartbeat - Heartbeat sent to the web server.
[INFO] 2017-06-01 23:07:42,184 [pool-2-thread-1] caseonline.judger.engine.application.ApplicationHeartbeat - Heartbeat sent to the web server.
[INFO] 2017-06-01 23:08:02,167 [pool-2-thread-1] caseonline.judger.engine.application.ApplicationHeartbeat - Heartbeat sent to the web server.
[INFO] 2017-06-01 23:08:22,173 [pool-2-thread-1] caseonline.judger.engine.application.ApplicationHeartbeat - Heartbeat sent to the web server.
[INFO] 2017-06-01 23:08:42,178 [pool-2-thread-1] caseonline.judger.engine.application.ApplicationHeartbeat - Heartbeat sent to the web server.
[INFO] 2017-06-01 23:09:02,188 [pool-2-thread-1] caseonline.judger.engine.application.ApplicationHeartbeat - Heartbeat sent to the web server.
[INFO] 2017-06-01 23:09:22,199 [pool-2-thread-1] caseonline.judger.engine.application.ApplicationHeartbeat - Heartbeat sent to the web server.
[INFO] 2017-06-01 23:09:42,183 [pool-2-thread-1] caseonline.judger.engine.application.ApplicationHeartbeat - Heartbeat sent to the web server.
[INFO] 2017-06-01 23:10:02,169 [pool-2-thread-1] caseonline.judger.engine.application.ApplicationHeartbeat - Heartbeat sent to the web server.
[INFO] 2017-06-01 23:22:56,451 [main] caseonline.judger.engine.application.ApplicationBootstrap - Starting Testcase Online Judger ...
[INFO] 2017-06-01 23:22:59,358 [main] com.alibaba.druid.pool.DruidDataSource - {dataSource-1} inited
[INFO] 2017-06-01 23:23:01,656 [main] caseonline.judger.engine.application.ApplicationBootstrap - Testcase Online Judge Judger started...
[INFO] 2017-06-01 23:23:11,679 [pool-2-thread-1] caseonline.judger.engine.application.ApplicationHeartbeat - Heartbeat sent to the web server.
[INFO] 2017-06-01 23:23:31,661 [pool-2-thread-1] caseonline.judger.engine.application.ApplicationHeartbeat - Heartbeat sent to the web server.
[INFO] 2017-06-01 23:23:51,660 [pool-2-thread-1] caseonline.judger.engine.application.ApplicationHeartbeat - Heartbeat sent to the web server.
[INFO] 2017-06-01 23:24:11,664 [pool-2-thread-1] caseonline.judger.engine.application.ApplicationHeartbeat - Heartbeat sent to the web server.
[INFO] 2017-06-01 23:24:31,661 [pool-2-thread-1] caseonline.judger.engine.application.ApplicationHeartbeat - Heartbeat sent to the web server.
[INFO] 2017-06-01 23:24:51,664 [pool-2-thread-1] caseonline.judger.engine.application.ApplicationHeartbeat - Heartbeat sent to the web server.
[INFO] 2017-06-01 23:25:11,666 [pool-2-thread-1] caseonline.judger.engine.application.ApplicationHeartbeat - Heartbeat sent to the web server.
[INFO] 2017-06-01 23:25:31,661 [pool-2-thread-1] caseonline.judger.engine.application.ApplicationHeartbeat - Heartbeat sent to the web server.
[INFO] 2017-06-01 23:25:51,663 [pool-2-thread-1] caseonline.judger.engine.application.ApplicationHeartbeat - Heartbeat sent to the web server.
[INFO] 2017-06-01 23:26:11,662 [pool-2-thread-1] caseonline.judger.engine.application.ApplicationHeartbeat - Heartbeat sent to the web server.
[INFO] 2017-06-01 23:26:31,664 [pool-2-thread-1] caseonline.judger.engine.application.ApplicationHeartbeat - Heartbeat sent to the web server.
[INFO] 2017-06-01 23:26:51,665 [pool-2-thread-1] caseonline.judger.engine.application.ApplicationHeartbeat - Heartbeat sent to the web server.
[INFO] 2017-06-01 23:27:11,664 [pool-2-thread-1] caseonline.judger.engine.application.ApplicationHeartbeat - Heartbeat sent to the web server.
[INFO] 2017-06-01 23:27:31,666 [pool-2-thread-1] caseonline.judger.engine.application.ApplicationHeartbeat - Heartbeat sent to the web server.
[INFO] 2017-06-01 23:27:51,665 [pool-2-thread-1] caseonline.judger.engine.application.ApplicationHeartbeat - Heartbeat sent to the web server.
[INFO] 2017-06-01 23:28:11,664 [pool-2-thread-1] caseonline.judger.engine.application.ApplicationHeartbeat - Heartbeat sent to the web server.
[INFO] 2017-06-01 23:28:31,666 [pool-2-thread-1] caseonline.judger.engine.application.ApplicationHeartbeat - Heartbeat sent to the web server.
[INFO] 2017-06-01 23:28:51,689 [pool-2-thread-1] caseonline.judger.engine.application.ApplicationHeartbeat - Heartbeat sent to the web server.
[INFO] 2017-06-01 23:29:11,669 [pool-2-thread-1] caseonline.judger.engine.application.ApplicationHeartbeat - Heartbeat sent to the web server.
[INFO] 2017-06-01 23:29:31,670 [pool-2-thread-1] caseonline.judger.engine.application.ApplicationHeartbeat - Heartbeat sent to the web server.
[INFO] 2017-06-01 23:29:51,671 [pool-2-thread-1] caseonline.judger.engine.application.ApplicationHeartbeat - Heartbeat sent to the web server.
[INFO] 2017-06-01 23:30:11,670 [pool-2-thread-1] caseonline.judger.engine.application.ApplicationHeartbeat - Heartbeat sent to the web server.
[INFO] 2017-06-01 23:30:31,671 [pool-2-thread-1] caseonline.judger.engine.application.ApplicationHeartbeat - Heartbeat sent to the web server.
[INFO] 2017-06-01 23:30:51,673 [pool-2-thread-1] caseonline.judger.engine.application.ApplicationHeartbeat - Heartbeat sent to the web server.
[INFO] 2017-06-01 23:31:11,668 [pool-2-thread-1] caseonline.judger.engine.application.ApplicationHeartbeat - Heartbeat sent to the web server.
[INFO] 2017-06-01 23:31:31,721 [pool-2-thread-1] caseonline.judger.engine.application.ApplicationHeartbeat - Heartbeat sent to the web server.
[INFO] 2017-06-01 23:31:51,669 [pool-2-thread-1] caseonline.judger.engine.application.ApplicationHeartbeat - Heartbeat sent to the web server.
[INFO] 2017-06-01 23:32:11,670 [pool-2-thread-1] caseonline.judger.engine.application.ApplicationHeartbeat - Heartbeat sent to the web server.
[INFO] 2017-06-01 23:32:31,675 [pool-2-thread-1] caseonline.judger.engine.application.ApplicationHeartbeat - Heartbeat sent to the web server.
[INFO] 2017-06-01 23:32:51,672 [pool-2-thread-1] caseonline.judger.engine.application.ApplicationHeartbeat - Heartbeat sent to the web server.
[INFO] 2017-06-01 23:33:11,670 [pool-2-thread-1] caseonline.judger.engine.application.ApplicationHeartbeat - Heartbeat sent to the web server.
[INFO] 2017-06-01 23:33:31,675 [pool-2-thread-1] caseonline.judger.engine.application.ApplicationHeartbeat - Heartbeat sent to the web server.
[INFO] 2017-06-01 23:33:51,704 [pool-2-thread-1] caseonline.judger.engine.application.ApplicationHeartbeat - Heartbeat sent to the web server.
[INFO] 2017-06-01 23:34:11,673 [pool-2-thread-1] caseonline.judger.engine.application.ApplicationHeartbeat - Heartbeat sent to the web server.
[INFO] 2017-06-01 23:34:31,672 [pool-2-thread-1] caseonline.judger.engine.application.ApplicationHeartbeat - Heartbeat sent to the web server.
[INFO] 2017-06-01 23:34:51,678 [pool-2-thread-1] caseonline.judger.engine.application.ApplicationHeartbeat - Heartbeat sent to the web server.
[INFO] 2017-06-01 23:35:11,674 [pool-2-thread-1] caseonline.judger.engine.application.ApplicationHeartbeat - Heartbeat sent to the web server.
[INFO] 2017-06-01 23:35:31,676 [pool-2-thread-1] caseonline.judger.engine.application.ApplicationHeartbeat - Heartbeat sent to the web server.
[INFO] 2017-06-01 23:35:51,676 [pool-2-thread-1] caseonline.judger.engine.application.ApplicationHeartbeat - Heartbeat sent to the web server.
[INFO] 2017-06-01 23:36:11,696 [pool-2-thread-1] caseonline.judger.engine.application.ApplicationHeartbeat - Heartbeat sent to the web server.
[INFO] 2017-06-01 23:36:31,676 [pool-2-thread-1] caseonline.judger.engine.application.ApplicationHeartbeat - Heartbeat sent to the web server.
[INFO] 2017-06-01 23:36:51,680 [pool-2-thread-1] caseonline.judger.engine.application.ApplicationHeartbeat - Heartbeat sent to the web server.
[INFO] 2017-06-01 23:37:11,679 [pool-2-thread-1] caseonline.judger.engine.application.ApplicationHeartbeat - Heartbeat sent to the web server.
[INFO] 2017-06-01 23:37:31,679 [pool-2-thread-1] caseonline.judger.engine.application.ApplicationHeartbeat - Heartbeat sent to the web server.
[INFO] 2017-06-01 23:37:51,679 [pool-2-thread-1] caseonline.judger.engine.application.ApplicationHeartbeat - Heartbeat sent to the web server.
[INFO] 2017-06-01 23:38:11,678 [pool-2-thread-1] caseonline.judger.engine.application.ApplicationHeartbeat - Heartbeat sent to the web server.
[INFO] 2017-06-01 23:38:31,681 [pool-2-thread-1] caseonline.judger.engine.application.ApplicationHeartbeat - Heartbeat sent to the web server.
[INFO] 2017-06-01 23:38:51,678 [pool-2-thread-1] caseonline.judger.engine.application.ApplicationHeartbeat - Heartbeat sent to the web server.
[INFO] 2017-06-01 23:39:11,688 [pool-2-thread-1] caseonline.judger.engine.application.ApplicationHeartbeat - Heartbeat sent to the web server.
[INFO] 2017-06-01 23:39:31,682 [pool-2-thread-1] caseonline.judger.engine.application.ApplicationHeartbeat - Heartbeat sent to the web server.
[INFO] 2017-06-01 23:39:51,682 [pool-2-thread-1] caseonline.judger.engine.application.ApplicationHeartbeat - Heartbeat sent to the web server.
[INFO] 2017-06-01 23:40:11,682 [pool-2-thread-1] caseonline.judger.engine.application.ApplicationHeartbeat - Heartbeat sent to the web server.
[INFO] 2017-06-01 23:40:31,685 [pool-2-thread-1] caseonline.judger.engine.application.ApplicationHeartbeat - Heartbeat sent to the web server.
[INFO] 2017-06-01 23:40:51,684 [pool-2-thread-1] caseonline.judger.engine.application.ApplicationHeartbeat - Heartbeat sent to the web server.
[INFO] 2017-06-01 23:41:11,685 [pool-2-thread-1] caseonline.judger.engine.application.ApplicationHeartbeat - Heartbeat sent to the web server.
[INFO] 2017-06-01 23:41:31,684 [pool-2-thread-1] caseonline.judger.engine.application.ApplicationHeartbeat - Heartbeat sent to the web server.
[INFO] 2017-06-01 23:41:51,684 [pool-2-thread-1] caseonline.judger.engine.application.ApplicationHeartbeat - Heartbeat sent to the web server.
[INFO] 2017-06-01 23:42:11,686 [pool-2-thread-1] caseonline.judger.engine.application.ApplicationHeartbeat - Heartbeat sent to the web server.
[INFO] 2017-06-01 23:42:31,685 [pool-2-thread-1] caseonline.judger.engine.application.ApplicationHeartbeat - Heartbeat sent to the web server.
[INFO] 2017-06-01 23:42:51,686 [pool-2-thread-1] caseonline.judger.engine.application.ApplicationHeartbeat - Heartbeat sent to the web server.
[INFO] 2017-06-01 23:43:11,693 [pool-2-thread-1] caseonline.judger.engine.application.ApplicationHeartbeat - Heartbeat sent to the web server.
[INFO] 2017-06-01 23:43:31,688 [pool-2-thread-1] caseonline.judger.engine.application.ApplicationHeartbeat - Heartbeat sent to the web server.
[INFO] 2017-06-01 23:43:51,688 [pool-2-thread-1] caseonline.judger.engine.application.ApplicationHeartbeat - Heartbeat sent to the web server.
[INFO] 2017-06-01 23:44:11,684 [pool-2-thread-1] caseonline.judger.engine.application.ApplicationHeartbeat - Heartbeat sent to the web server.
[INFO] 2017-06-01 23:44:31,686 [pool-2-thread-1] caseonline.judger.engine.application.ApplicationHeartbeat - Heartbeat sent to the web server.
[INFO] 2017-06-01 23:44:51,684 [pool-2-thread-1] caseonline.judger.engine.application.ApplicationHeartbeat - Heartbeat sent to the web server.
[INFO] 2017-06-01 23:45:11,686 [pool-2-thread-1] caseonline.judger.engine.application.ApplicationHeartbeat - Heartbeat sent to the web server.
[INFO] 2017-06-01 23:45:31,687 [pool-2-thread-1] caseonline.judger.engine.application.ApplicationHeartbeat - Heartbeat sent to the web server.
[INFO] 2017-06-01 23:45:51,689 [pool-2-thread-1] caseonline.judger.engine.application.ApplicationHeartbeat - Heartbeat sent to the web server.
[INFO] 2017-06-01 23:46:11,690 [pool-2-thread-1] caseonline.judger.engine.application.ApplicationHeartbeat - Heartbeat sent to the web server.
[INFO] 2017-06-01 23:46:31,690 [pool-2-thread-1] caseonline.judger.engine.application.ApplicationHeartbeat - Heartbeat sent to the web server.
[INFO] 2017-06-01 23:46:51,690 [pool-2-thread-1] caseonline.judger.engine.application.ApplicationHeartbeat - Heartbeat sent to the web server.
[INFO] 2017-06-01 23:47:11,693 [pool-2-thread-1] caseonline.judger.engine.application.ApplicationHeartbeat - Heartbeat sent to the web server.
[INFO] 2017-06-01 23:47:31,750 [pool-2-thread-1] caseonline.judger.engine.application.ApplicationHeartbeat - Heartbeat sent to the web server.
[INFO] 2017-06-01 23:47:51,695 [pool-2-thread-1] caseonline.judger.engine.application.ApplicationHeartbeat - Heartbeat sent to the web server.
[INFO] 2017-06-01 23:48:11,754 [pool-2-thread-1] caseonline.judger.engine.application.ApplicationHeartbeat - Heartbeat sent to the web server.
[INFO] 2017-06-01 23:48:31,692 [pool-2-thread-1] caseonline.judger.engine.application.ApplicationHeartbeat - Heartbeat sent to the web server.
[INFO] 2017-06-01 23:48:51,690 [pool-2-thread-1] caseonline.judger.engine.application.ApplicationHeartbeat - Heartbeat sent to the web server.
[INFO] 2017-06-01 23:49:11,694 [pool-2-thread-1] caseonline.judger.engine.application.ApplicationHeartbeat - Heartbeat sent to the web server.
[INFO] 2017-06-01 23:49:31,693 [pool-2-thread-1] caseonline.judger.engine.application.ApplicationHeartbeat - Heartbeat sent to the web server.
[INFO] 2017-06-01 23:49:51,694 [pool-2-thread-1] caseonline.judger.engine.application.ApplicationHeartbeat - Heartbeat sent to the web server.
[INFO] 2017-06-01 23:50:11,695 [pool-2-thread-1] caseonline.judger.engine.application.ApplicationHeartbeat - Heartbeat sent to the web server.
[INFO] 2017-06-01 23:50:31,693 [pool-2-thread-1] caseonline.judger.engine.application.ApplicationHeartbeat - Heartbeat sent to the web server.
[INFO] 2017-06-01 23:50:51,695 [pool-2-thread-1] caseonline.judger.engine.application.ApplicationHeartbeat - Heartbeat sent to the web server.
[INFO] 2017-06-01 23:51:11,696 [pool-2-thread-1] caseonline.judger.engine.application.ApplicationHeartbeat - Heartbeat sent to the web server.
[INFO] 2017-06-01 23:51:31,697 [pool-2-thread-1] caseonline.judger.engine.application.ApplicationHeartbeat - Heartbeat sent to the web server.
[INFO] 2017-06-01 23:51:51,701 [pool-2-thread-1] caseonline.judger.engine.application.ApplicationHeartbeat - Heartbeat sent to the web server.
[INFO] 2017-06-01 23:52:11,694 [pool-2-thread-1] caseonline.judger.engine.application.ApplicationHeartbeat - Heartbeat sent to the web server.
[INFO] 2017-06-01 23:52:31,693 [pool-2-thread-1] caseonline.judger.engine.application.ApplicationHeartbeat - Heartbeat sent to the web server.
[INFO] 2017-06-01 23:52:51,695 [pool-2-thread-1] caseonline.judger.engine.application.ApplicationHeartbeat - Heartbeat sent to the web server.
[INFO] 2017-06-01 23:53:11,695 [pool-2-thread-1] caseonline.judger.engine.application.ApplicationHeartbeat - Heartbeat sent to the web server.
[INFO] 2017-06-01 23:53:31,767 [pool-2-thread-1] caseonline.judger.engine.application.ApplicationHeartbeat - Heartbeat sent to the web server.
[INFO] 2017-06-01 23:53:51,697 [pool-2-thread-1] caseonline.judger.engine.application.ApplicationHeartbeat - Heartbeat sent to the web server.
[INFO] 2017-06-01 23:54:11,699 [pool-2-thread-1] caseonline.judger.engine.application.ApplicationHeartbeat - Heartbeat sent to the web server.
[INFO] 2017-06-01 23:54:31,698 [pool-2-thread-1] caseonline.judger.engine.application.ApplicationHeartbeat - Heartbeat sent to the web server.
[INFO] 2017-06-01 23:54:51,699 [pool-2-thread-1] caseonline.judger.engine.application.ApplicationHeartbeat - Heartbeat sent to the web server.
[INFO] 2017-06-01 23:55:11,698 [pool-2-thread-1] caseonline.judger.engine.application.ApplicationHeartbeat - Heartbeat sent to the web server.
[INFO] 2017-06-01 23:55:31,698 [pool-2-thread-1] caseonline.judger.engine.application.ApplicationHeartbeat - Heartbeat sent to the web server.
[INFO] 2017-06-01 23:55:51,699 [pool-2-thread-1] caseonline.judger.engine.application.ApplicationHeartbeat - Heartbeat sent to the web server.
[INFO] 2017-06-01 23:56:11,723 [pool-2-thread-1] caseonline.judger.engine.application.ApplicationHeartbeat - Heartbeat sent to the web server.
[INFO] 2017-06-01 23:56:31,726 [pool-2-thread-1] caseonline.judger.engine.application.ApplicationHeartbeat - Heartbeat sent to the web server.
[INFO] 2017-06-01 23:56:51,717 [pool-2-thread-1] caseonline.judger.engine.application.ApplicationHeartbeat - Heartbeat sent to the web server.
[INFO] 2017-06-01 23:57:11,700 [pool-2-thread-1] caseonline.judger.engine.application.ApplicationHeartbeat - Heartbeat sent to the web server.
[INFO] 2017-06-01 23:57:31,699 [pool-2-thread-1] caseonline.judger.engine.application.ApplicationHeartbeat - Heartbeat sent to the web server.
[INFO] 2017-06-01 23:57:51,702 [pool-2-thread-1] caseonline.judger.engine.application.ApplicationHeartbeat - Heartbeat sent to the web server.
[INFO] 2017-06-01 23:58:11,701 [pool-2-thread-1] caseonline.judger.engine.application.ApplicationHeartbeat - Heartbeat sent to the web server.
[INFO] 2017-06-01 23:58:31,760 [pool-2-thread-1] caseonline.judger.engine.application.ApplicationHeartbeat - Heartbeat sent to the web server.
