[INFO] 2017-05-16 15:35:53,562 [main] caseonline.judger.engine.application.ApplicationBootstrap - Starting Testcase Online Judge Judger...
[INFO] 2017-05-16 15:35:59,016 [main] com.alibaba.druid.pool.DruidDataSource - {dataSource-1} inited
[INFO] 2017-05-16 15:36:02,757 [main] caseonline.judger.engine.application.ApplicationBootstrap - Testcase Online Judge Judger started.
[INFO] 2017-05-16 15:36:12,952 [pool-2-thread-1] caseonline.judger.engine.application.ApplicationHeartbeat - Heartbeat sent to the web server.
[INFO] 2017-05-16 15:36:32,811 [pool-2-thread-1] caseonline.judger.engine.application.ApplicationHeartbeat - Heartbeat sent to the web server.
[INFO] 2017-05-16 15:36:52,761 [pool-2-thread-1] caseonline.judger.engine.application.ApplicationHeartbeat - Heartbeat sent to the web server.
[INFO] 2017-05-16 15:37:12,761 [pool-2-thread-1] caseonline.judger.engine.application.ApplicationHeartbeat - Heartbeat sent to the web server.
[INFO] 2017-05-16 15:37:32,795 [pool-2-thread-1] caseonline.judger.engine.application.ApplicationHeartbeat - Heartbeat sent to the web server.
[INFO] 2017-05-16 15:37:52,762 [pool-2-thread-1] caseonline.judger.engine.application.ApplicationHeartbeat - Heartbeat sent to the web server.
[INFO] 2017-05-16 15:38:12,766 [pool-2-thread-1] caseonline.judger.engine.application.ApplicationHeartbeat - Heartbeat sent to the web server.
[INFO] 2017-05-16 15:38:32,764 [pool-2-thread-1] caseonline.judger.engine.application.ApplicationHeartbeat - Heartbeat sent to the web server.
[INFO] 2017-05-16 15:38:52,767 [pool-2-thread-1] caseonline.judger.engine.application.ApplicationHeartbeat - Heartbeat sent to the web server.
[INFO] 2017-05-16 15:39:12,764 [pool-2-thread-1] caseonline.judger.engine.application.ApplicationHeartbeat - Heartbeat sent to the web server.
[INFO] 2017-05-16 15:39:32,765 [pool-2-thread-1] caseonline.judger.engine.application.ApplicationHeartbeat - Heartbeat sent to the web server.
[INFO] 2017-05-16 15:39:52,764 [pool-2-thread-1] caseonline.judger.engine.application.ApplicationHeartbeat - Heartbeat sent to the web server.
[INFO] 2017-05-16 15:40:12,764 [pool-2-thread-1] caseonline.judger.engine.application.ApplicationHeartbeat - Heartbeat sent to the web server.
[INFO] 2017-05-16 15:40:32,768 [pool-2-thread-1] caseonline.judger.engine.application.ApplicationHeartbeat - Heartbeat sent to the web server.
[INFO] 2017-05-16 15:40:52,769 [pool-2-thread-1] caseonline.judger.engine.application.ApplicationHeartbeat - Heartbeat sent to the web server.
[INFO] 2017-05-16 15:41:12,767 [pool-2-thread-1] caseonline.judger.engine.application.ApplicationHeartbeat - Heartbeat sent to the web server.
[INFO] 2017-05-16 15:41:29,759 [ActiveMQ Session Task-1] caseonline.judger.engine.messenger.MessageReceiver - 收到任务
[WARN] 2017-05-16 15:41:31,038 [ActiveMQ Session Task-1] caseonline.judger.engine.util.FileManager - 创建单个文件/tmp/ant失败，目标文件已存在！
[WARN] 2017-05-16 15:41:31,039 [ActiveMQ Session Task-1] caseonline.judger.engine.util.FileManager - 创建单个文件/tmp/ant失败！
[INFO] 2017-05-16 15:41:32,771 [pool-2-thread-1] caseonline.judger.engine.application.ApplicationHeartbeat - Heartbeat sent to the web server.
[INFO] 2017-05-16 15:41:52,768 [pool-2-thread-1] caseonline.judger.engine.application.ApplicationHeartbeat - Heartbeat sent to the web server.
[INFO] 2017-05-16 15:42:12,771 [pool-2-thread-1] caseonline.judger.engine.application.ApplicationHeartbeat - Heartbeat sent to the web server.
[INFO] 2017-05-16 15:42:32,800 [pool-2-thread-1] caseonline.judger.engine.application.ApplicationHeartbeat - Heartbeat sent to the web server.
[INFO] 2017-05-16 15:42:52,771 [pool-2-thread-1] caseonline.judger.engine.application.ApplicationHeartbeat - Heartbeat sent to the web server.
[INFO] 2017-05-16 15:43:12,772 [pool-2-thread-1] caseonline.judger.engine.application.ApplicationHeartbeat - Heartbeat sent to the web server.
[INFO] 2017-05-16 15:43:32,811 [pool-2-thread-1] caseonline.judger.engine.application.ApplicationHeartbeat - Heartbeat sent to the web server.
[INFO] 2017-05-16 15:43:52,771 [pool-2-thread-1] caseonline.judger.engine.application.ApplicationHeartbeat - Heartbeat sent to the web server.
[INFO] 2017-05-16 15:44:12,773 [pool-2-thread-1] caseonline.judger.engine.application.ApplicationHeartbeat - Heartbeat sent to the web server.
[INFO] 2017-05-16 15:44:32,796 [pool-2-thread-1] caseonline.judger.engine.application.ApplicationHeartbeat - Heartbeat sent to the web server.
[INFO] 2017-05-16 15:44:52,900 [pool-2-thread-1] caseonline.judger.engine.application.ApplicationHeartbeat - Heartbeat sent to the web server.
[INFO] 2017-05-16 15:45:12,775 [pool-2-thread-1] caseonline.judger.engine.application.ApplicationHeartbeat - Heartbeat sent to the web server.
[INFO] 2017-05-16 15:45:32,862 [pool-2-thread-1] caseonline.judger.engine.application.ApplicationHeartbeat - Heartbeat sent to the web server.
[INFO] 2017-05-16 15:45:52,835 [pool-2-thread-1] caseonline.judger.engine.application.ApplicationHeartbeat - Heartbeat sent to the web server.
[INFO] 2017-05-16 15:46:12,774 [pool-2-thread-1] caseonline.judger.engine.application.ApplicationHeartbeat - Heartbeat sent to the web server.
[INFO] 2017-05-16 15:46:32,809 [pool-2-thread-1] caseonline.judger.engine.application.ApplicationHeartbeat - Heartbeat sent to the web server.
[INFO] 2017-05-16 15:46:52,773 [pool-2-thread-1] caseonline.judger.engine.application.ApplicationHeartbeat - Heartbeat sent to the web server.
[INFO] 2017-05-16 15:47:12,777 [pool-2-thread-1] caseonline.judger.engine.application.ApplicationHeartbeat - Heartbeat sent to the web server.
[INFO] 2017-05-16 15:47:32,805 [pool-2-thread-1] caseonline.judger.engine.application.ApplicationHeartbeat - Heartbeat sent to the web server.
[INFO] 2017-05-16 15:47:50,139 [ActiveMQ Session Task-2] caseonline.judger.engine.messenger.MessageReceiver - 收到任务
[WARN] 2017-05-16 15:47:50,246 [ActiveMQ Session Task-2] caseonline.judger.engine.util.FileManager - 创建单个文件/tmp/ant失败，目标文件已存在！
[WARN] 2017-05-16 15:47:50,247 [ActiveMQ Session Task-2] caseonline.judger.engine.util.FileManager - 创建单个文件/tmp/ant失败！
[INFO] 2017-05-16 15:47:52,777 [pool-2-thread-1] caseonline.judger.engine.application.ApplicationHeartbeat - Heartbeat sent to the web server.
[INFO] 2017-05-16 15:48:12,781 [pool-2-thread-1] caseonline.judger.engine.application.ApplicationHeartbeat - Heartbeat sent to the web server.
[INFO] 2017-05-16 15:48:25,950 [ActiveMQ Session Task-3] caseonline.judger.engine.messenger.MessageReceiver - 收到任务
[WARN] 2017-05-16 15:48:26,111 [ActiveMQ Session Task-3] caseonline.judger.engine.util.FileManager - 创建单个文件/tmp/ant失败，目标文件已存在！
[WARN] 2017-05-16 15:48:26,112 [ActiveMQ Session Task-3] caseonline.judger.engine.util.FileManager - 创建单个文件/tmp/ant失败！
[INFO] 2017-05-16 15:48:32,796 [pool-2-thread-1] caseonline.judger.engine.application.ApplicationHeartbeat - Heartbeat sent to the web server.
[INFO] 2017-05-16 15:48:52,779 [pool-2-thread-1] caseonline.judger.engine.application.ApplicationHeartbeat - Heartbeat sent to the web server.
[INFO] 2017-05-16 15:49:12,778 [pool-2-thread-1] caseonline.judger.engine.application.ApplicationHeartbeat - Heartbeat sent to the web server.
[INFO] 2017-05-16 15:49:32,776 [pool-2-thread-1] caseonline.judger.engine.application.ApplicationHeartbeat - Heartbeat sent to the web server.
[INFO] 2017-05-16 15:49:52,854 [pool-2-thread-1] caseonline.judger.engine.application.ApplicationHeartbeat - Heartbeat sent to the web server.
[INFO] 2017-05-16 15:50:12,780 [pool-2-thread-1] caseonline.judger.engine.application.ApplicationHeartbeat - Heartbeat sent to the web server.
[INFO] 2017-05-16 15:50:32,810 [pool-2-thread-1] caseonline.judger.engine.application.ApplicationHeartbeat - Heartbeat sent to the web server.
[INFO] 2017-05-16 15:50:52,780 [pool-2-thread-1] caseonline.judger.engine.application.ApplicationHeartbeat - Heartbeat sent to the web server.
[INFO] 2017-05-16 15:51:12,781 [pool-2-thread-1] caseonline.judger.engine.application.ApplicationHeartbeat - Heartbeat sent to the web server.
[INFO] 2017-05-16 15:51:32,794 [pool-2-thread-1] caseonline.judger.engine.application.ApplicationHeartbeat - Heartbeat sent to the web server.
[INFO] 2017-05-16 15:51:52,782 [pool-2-thread-1] caseonline.judger.engine.application.ApplicationHeartbeat - Heartbeat sent to the web server.
[INFO] 2017-05-16 15:52:12,782 [pool-2-thread-1] caseonline.judger.engine.application.ApplicationHeartbeat - Heartbeat sent to the web server.
[INFO] 2017-05-16 15:52:32,798 [pool-2-thread-1] caseonline.judger.engine.application.ApplicationHeartbeat - Heartbeat sent to the web server.
[INFO] 2017-05-16 15:52:52,783 [pool-2-thread-1] caseonline.judger.engine.application.ApplicationHeartbeat - Heartbeat sent to the web server.
[INFO] 2017-05-16 15:53:12,804 [pool-2-thread-1] caseonline.judger.engine.application.ApplicationHeartbeat - Heartbeat sent to the web server.
[INFO] 2017-05-16 15:53:32,784 [pool-2-thread-1] caseonline.judger.engine.application.ApplicationHeartbeat - Heartbeat sent to the web server.
[INFO] 2017-05-16 15:53:52,784 [pool-2-thread-1] caseonline.judger.engine.application.ApplicationHeartbeat - Heartbeat sent to the web server.
[INFO] 2017-05-16 15:54:12,784 [pool-2-thread-1] caseonline.judger.engine.application.ApplicationHeartbeat - Heartbeat sent to the web server.
[INFO] 2017-05-16 15:54:32,804 [pool-2-thread-1] caseonline.judger.engine.application.ApplicationHeartbeat - Heartbeat sent to the web server.
[INFO] 2017-05-16 15:54:52,835 [pool-2-thread-1] caseonline.judger.engine.application.ApplicationHeartbeat - Heartbeat sent to the web server.
[INFO] 2017-05-16 15:55:12,824 [pool-2-thread-1] caseonline.judger.engine.application.ApplicationHeartbeat - Heartbeat sent to the web server.
[INFO] 2017-05-16 15:55:32,796 [pool-2-thread-1] caseonline.judger.engine.application.ApplicationHeartbeat - Heartbeat sent to the web server.
[INFO] 2017-05-16 15:55:52,783 [pool-2-thread-1] caseonline.judger.engine.application.ApplicationHeartbeat - Heartbeat sent to the web server.
[INFO] 2017-05-16 15:56:12,787 [pool-2-thread-1] caseonline.judger.engine.application.ApplicationHeartbeat - Heartbeat sent to the web server.
[INFO] 2017-05-16 15:56:32,799 [pool-2-thread-1] caseonline.judger.engine.application.ApplicationHeartbeat - Heartbeat sent to the web server.
[INFO] 2017-05-16 15:56:52,840 [pool-2-thread-1] caseonline.judger.engine.application.ApplicationHeartbeat - Heartbeat sent to the web server.
[INFO] 2017-05-16 15:57:12,869 [pool-2-thread-1] caseonline.judger.engine.application.ApplicationHeartbeat - Heartbeat sent to the web server.
[INFO] 2017-05-16 15:57:32,785 [pool-2-thread-1] caseonline.judger.engine.application.ApplicationHeartbeat - Heartbeat sent to the web server.
[INFO] 2017-05-16 15:57:52,786 [pool-2-thread-1] caseonline.judger.engine.application.ApplicationHeartbeat - Heartbeat sent to the web server.
[INFO] 2017-05-16 15:58:12,786 [pool-2-thread-1] caseonline.judger.engine.application.ApplicationHeartbeat - Heartbeat sent to the web server.
[INFO] 2017-05-16 15:58:32,806 [pool-2-thread-1] caseonline.judger.engine.application.ApplicationHeartbeat - Heartbeat sent to the web server.
[INFO] 2017-05-16 15:58:52,789 [pool-2-thread-1] caseonline.judger.engine.application.ApplicationHeartbeat - Heartbeat sent to the web server.
[INFO] 2017-05-16 15:59:12,789 [pool-2-thread-1] caseonline.judger.engine.application.ApplicationHeartbeat - Heartbeat sent to the web server.
[INFO] 2017-05-16 15:59:32,788 [pool-2-thread-1] caseonline.judger.engine.application.ApplicationHeartbeat - Heartbeat sent to the web server.
[INFO] 2017-05-16 15:59:52,788 [pool-2-thread-1] caseonline.judger.engine.application.ApplicationHeartbeat - Heartbeat sent to the web server.
[INFO] 2017-05-16 16:00:12,793 [pool-2-thread-1] caseonline.judger.engine.application.ApplicationHeartbeat - Heartbeat sent to the web server.
[INFO] 2017-05-16 16:00:32,801 [pool-2-thread-1] caseonline.judger.engine.application.ApplicationHeartbeat - Heartbeat sent to the web server.
[INFO] 2017-05-16 16:00:52,792 [pool-2-thread-1] caseonline.judger.engine.application.ApplicationHeartbeat - Heartbeat sent to the web server.
[INFO] 2017-05-16 16:01:12,794 [pool-2-thread-1] caseonline.judger.engine.application.ApplicationHeartbeat - Heartbeat sent to the web server.
[INFO] 2017-05-16 16:01:32,854 [pool-2-thread-1] caseonline.judger.engine.application.ApplicationHeartbeat - Heartbeat sent to the web server.
[INFO] 2017-05-16 16:01:52,794 [pool-2-thread-1] caseonline.judger.engine.application.ApplicationHeartbeat - Heartbeat sent to the web server.
[INFO] 2017-05-16 16:02:12,794 [pool-2-thread-1] caseonline.judger.engine.application.ApplicationHeartbeat - Heartbeat sent to the web server.
[INFO] 2017-05-16 16:02:32,796 [pool-2-thread-1] caseonline.judger.engine.application.ApplicationHeartbeat - Heartbeat sent to the web server.
[INFO] 2017-05-16 16:02:52,796 [pool-2-thread-1] caseonline.judger.engine.application.ApplicationHeartbeat - Heartbeat sent to the web server.
[INFO] 2017-05-16 16:03:12,795 [pool-2-thread-1] caseonline.judger.engine.application.ApplicationHeartbeat - Heartbeat sent to the web server.
[INFO] 2017-05-16 16:03:32,849 [pool-2-thread-1] caseonline.judger.engine.application.ApplicationHeartbeat - Heartbeat sent to the web server.
[INFO] 2017-05-16 16:03:52,819 [pool-2-thread-1] caseonline.judger.engine.application.ApplicationHeartbeat - Heartbeat sent to the web server.
[INFO] 2017-05-16 16:04:12,796 [pool-2-thread-1] caseonline.judger.engine.application.ApplicationHeartbeat - Heartbeat sent to the web server.
[INFO] 2017-05-16 16:04:32,796 [pool-2-thread-1] caseonline.judger.engine.application.ApplicationHeartbeat - Heartbeat sent to the web server.
[INFO] 2017-05-16 16:04:52,803 [pool-2-thread-1] caseonline.judger.engine.application.ApplicationHeartbeat - Heartbeat sent to the web server.
[INFO] 2017-05-16 16:05:12,795 [pool-2-thread-1] caseonline.judger.engine.application.ApplicationHeartbeat - Heartbeat sent to the web server.
[INFO] 2017-05-16 16:05:32,805 [pool-2-thread-1] caseonline.judger.engine.application.ApplicationHeartbeat - Heartbeat sent to the web server.
[INFO] 2017-05-16 16:05:52,797 [pool-2-thread-1] caseonline.judger.engine.application.ApplicationHeartbeat - Heartbeat sent to the web server.
[INFO] 2017-05-16 16:06:12,799 [pool-2-thread-1] caseonline.judger.engine.application.ApplicationHeartbeat - Heartbeat sent to the web server.
[INFO] 2017-05-16 16:06:32,798 [pool-2-thread-1] caseonline.judger.engine.application.ApplicationHeartbeat - Heartbeat sent to the web server.
[INFO] 2017-05-16 16:06:52,800 [pool-2-thread-1] caseonline.judger.engine.application.ApplicationHeartbeat - Heartbeat sent to the web server.
[INFO] 2017-05-16 16:07:12,807 [pool-2-thread-1] caseonline.judger.engine.application.ApplicationHeartbeat - Heartbeat sent to the web server.
[INFO] 2017-05-16 16:07:32,798 [pool-2-thread-1] caseonline.judger.engine.application.ApplicationHeartbeat - Heartbeat sent to the web server.
[INFO] 2017-05-16 16:07:52,799 [pool-2-thread-1] caseonline.judger.engine.application.ApplicationHeartbeat - Heartbeat sent to the web server.
[INFO] 2017-05-16 16:08:12,803 [pool-2-thread-1] caseonline.judger.engine.application.ApplicationHeartbeat - Heartbeat sent to the web server.
[INFO] 2017-05-16 16:08:32,798 [pool-2-thread-1] caseonline.judger.engine.application.ApplicationHeartbeat - Heartbeat sent to the web server.
[INFO] 2017-05-16 16:08:52,799 [pool-2-thread-1] caseonline.judger.engine.application.ApplicationHeartbeat - Heartbeat sent to the web server.
[INFO] 2017-05-16 16:09:12,800 [pool-2-thread-1] caseonline.judger.engine.application.ApplicationHeartbeat - Heartbeat sent to the web server.
[INFO] 2017-05-16 16:09:32,800 [pool-2-thread-1] caseonline.judger.engine.application.ApplicationHeartbeat - Heartbeat sent to the web server.
[INFO] 2017-05-16 16:09:52,805 [pool-2-thread-1] caseonline.judger.engine.application.ApplicationHeartbeat - Heartbeat sent to the web server.
[INFO] 2017-05-16 16:10:12,803 [pool-2-thread-1] caseonline.judger.engine.application.ApplicationHeartbeat - Heartbeat sent to the web server.
[INFO] 2017-05-16 16:10:32,802 [pool-2-thread-1] caseonline.judger.engine.application.ApplicationHeartbeat - Heartbeat sent to the web server.
[INFO] 2017-05-16 16:10:52,806 [pool-2-thread-1] caseonline.judger.engine.application.ApplicationHeartbeat - Heartbeat sent to the web server.
[INFO] 2017-05-16 16:11:12,804 [pool-2-thread-1] caseonline.judger.engine.application.ApplicationHeartbeat - Heartbeat sent to the web server.
[INFO] 2017-05-16 16:11:32,814 [pool-2-thread-1] caseonline.judger.engine.application.ApplicationHeartbeat - Heartbeat sent to the web server.
[INFO] 2017-05-16 16:11:52,870 [pool-2-thread-1] caseonline.judger.engine.application.ApplicationHeartbeat - Heartbeat sent to the web server.
[INFO] 2017-05-16 16:12:12,806 [pool-2-thread-1] caseonline.judger.engine.application.ApplicationHeartbeat - Heartbeat sent to the web server.
[INFO] 2017-05-16 16:12:32,803 [pool-2-thread-1] caseonline.judger.engine.application.ApplicationHeartbeat - Heartbeat sent to the web server.
[INFO] 2017-05-16 16:12:52,810 [pool-2-thread-1] caseonline.judger.engine.application.ApplicationHeartbeat - Heartbeat sent to the web server.
[INFO] 2017-05-16 16:13:12,811 [pool-2-thread-1] caseonline.judger.engine.application.ApplicationHeartbeat - Heartbeat sent to the web server.
[INFO] 2017-05-16 16:13:32,805 [pool-2-thread-1] caseonline.judger.engine.application.ApplicationHeartbeat - Heartbeat sent to the web server.
[INFO] 2017-05-16 16:13:52,807 [pool-2-thread-1] caseonline.judger.engine.application.ApplicationHeartbeat - Heartbeat sent to the web server.
[INFO] 2017-05-16 16:14:12,806 [pool-2-thread-1] caseonline.judger.engine.application.ApplicationHeartbeat - Heartbeat sent to the web server.
[INFO] 2017-05-16 16:14:32,806 [pool-2-thread-1] caseonline.judger.engine.application.ApplicationHeartbeat - Heartbeat sent to the web server.
[INFO] 2017-05-16 16:14:52,836 [pool-2-thread-1] caseonline.judger.engine.application.ApplicationHeartbeat - Heartbeat sent to the web server.
[INFO] 2017-05-16 16:15:12,810 [pool-2-thread-1] caseonline.judger.engine.application.ApplicationHeartbeat - Heartbeat sent to the web server.
[INFO] 2017-05-16 16:15:32,810 [pool-2-thread-1] caseonline.judger.engine.application.ApplicationHeartbeat - Heartbeat sent to the web server.
[INFO] 2017-05-16 16:15:52,810 [pool-2-thread-1] caseonline.judger.engine.application.ApplicationHeartbeat - Heartbeat sent to the web server.
[INFO] 2017-05-16 16:16:12,809 [pool-2-thread-1] caseonline.judger.engine.application.ApplicationHeartbeat - Heartbeat sent to the web server.
[INFO] 2017-05-16 16:16:32,808 [pool-2-thread-1] caseonline.judger.engine.application.ApplicationHeartbeat - Heartbeat sent to the web server.
[INFO] 2017-05-16 16:16:52,810 [pool-2-thread-1] caseonline.judger.engine.application.ApplicationHeartbeat - Heartbeat sent to the web server.
[INFO] 2017-05-16 16:17:12,809 [pool-2-thread-1] caseonline.judger.engine.application.ApplicationHeartbeat - Heartbeat sent to the web server.
[INFO] 2017-05-16 16:17:32,810 [pool-2-thread-1] caseonline.judger.engine.application.ApplicationHeartbeat - Heartbeat sent to the web server.
[INFO] 2017-05-16 16:17:52,837 [pool-2-thread-1] caseonline.judger.engine.application.ApplicationHeartbeat - Heartbeat sent to the web server.
[INFO] 2017-05-16 16:18:12,811 [pool-2-thread-1] caseonline.judger.engine.application.ApplicationHeartbeat - Heartbeat sent to the web server.
[INFO] 2017-05-16 16:18:32,812 [pool-2-thread-1] caseonline.judger.engine.application.ApplicationHeartbeat - Heartbeat sent to the web server.
[INFO] 2017-05-16 16:18:52,812 [pool-2-thread-1] caseonline.judger.engine.application.ApplicationHeartbeat - Heartbeat sent to the web server.
[INFO] 2017-05-16 16:19:12,811 [pool-2-thread-1] caseonline.judger.engine.application.ApplicationHeartbeat - Heartbeat sent to the web server.
[INFO] 2017-05-16 16:19:32,812 [pool-2-thread-1] caseonline.judger.engine.application.ApplicationHeartbeat - Heartbeat sent to the web server.
[INFO] 2017-05-16 16:19:52,816 [pool-2-thread-1] caseonline.judger.engine.application.ApplicationHeartbeat - Heartbeat sent to the web server.
[INFO] 2017-05-16 16:20:12,814 [pool-2-thread-1] caseonline.judger.engine.application.ApplicationHeartbeat - Heartbeat sent to the web server.
[INFO] 2017-05-16 16:20:32,814 [pool-2-thread-1] caseonline.judger.engine.application.ApplicationHeartbeat - Heartbeat sent to the web server.
[INFO] 2017-05-16 16:20:52,818 [pool-2-thread-1] caseonline.judger.engine.application.ApplicationHeartbeat - Heartbeat sent to the web server.
[INFO] 2017-05-16 16:21:12,817 [pool-2-thread-1] caseonline.judger.engine.application.ApplicationHeartbeat - Heartbeat sent to the web server.
[INFO] 2017-05-16 16:21:32,823 [pool-2-thread-1] caseonline.judger.engine.application.ApplicationHeartbeat - Heartbeat sent to the web server.
[INFO] 2017-05-16 16:21:52,817 [pool-2-thread-1] caseonline.judger.engine.application.ApplicationHeartbeat - Heartbeat sent to the web server.
[INFO] 2017-05-16 16:22:12,819 [pool-2-thread-1] caseonline.judger.engine.application.ApplicationHeartbeat - Heartbeat sent to the web server.
[INFO] 2017-05-16 16:22:32,816 [pool-2-thread-1] caseonline.judger.engine.application.ApplicationHeartbeat - Heartbeat sent to the web server.
[INFO] 2017-05-16 16:22:52,820 [pool-2-thread-1] caseonline.judger.engine.application.ApplicationHeartbeat - Heartbeat sent to the web server.
[INFO] 2017-05-16 16:23:12,820 [pool-2-thread-1] caseonline.judger.engine.application.ApplicationHeartbeat - Heartbeat sent to the web server.
[INFO] 2017-05-16 16:23:32,818 [pool-2-thread-1] caseonline.judger.engine.application.ApplicationHeartbeat - Heartbeat sent to the web server.
[INFO] 2017-05-16 16:23:52,825 [pool-2-thread-1] caseonline.judger.engine.application.ApplicationHeartbeat - Heartbeat sent to the web server.
[INFO] 2017-05-16 16:24:12,818 [pool-2-thread-1] caseonline.judger.engine.application.ApplicationHeartbeat - Heartbeat sent to the web server.
[INFO] 2017-05-16 16:24:32,824 [pool-2-thread-1] caseonline.judger.engine.application.ApplicationHeartbeat - Heartbeat sent to the web server.
[INFO] 2017-05-16 16:24:52,819 [pool-2-thread-1] caseonline.judger.engine.application.ApplicationHeartbeat - Heartbeat sent to the web server.
[INFO] 2017-05-16 16:25:12,821 [pool-2-thread-1] caseonline.judger.engine.application.ApplicationHeartbeat - Heartbeat sent to the web server.
[INFO] 2017-05-16 16:25:32,819 [pool-2-thread-1] caseonline.judger.engine.application.ApplicationHeartbeat - Heartbeat sent to the web server.
[INFO] 2017-05-16 16:25:52,825 [pool-2-thread-1] caseonline.judger.engine.application.ApplicationHeartbeat - Heartbeat sent to the web server.
[INFO] 2017-05-16 16:26:12,839 [pool-2-thread-1] caseonline.judger.engine.application.ApplicationHeartbeat - Heartbeat sent to the web server.
