[INFO] 2017-05-18 16:03:33,991 [main] caseonline.judger.engine.application.ApplicationBootstrap - Starting Testcase Online Judge Judger...
[INFO] 2017-05-18 16:03:39,280 [main] com.alibaba.druid.pool.DruidDataSource - {dataSource-1} inited
[INFO] 2017-05-18 16:03:42,484 [main] caseonline.judger.engine.application.ApplicationBootstrap - Testcase Online Judge Judger started.
[INFO] 2017-05-18 16:03:52,616 [pool-2-thread-1] caseonline.judger.engine.application.ApplicationHeartbeat - Heartbeat sent to the web server.
[INFO] 2017-05-18 16:04:12,488 [pool-2-thread-1] caseonline.judger.engine.application.ApplicationHeartbeat - Heartbeat sent to the web server.
[INFO] 2017-05-18 16:04:32,489 [pool-2-thread-1] caseonline.judger.engine.application.ApplicationHeartbeat - Heartbeat sent to the web server.
[INFO] 2017-05-18 16:04:52,490 [pool-2-thread-1] caseonline.judger.engine.application.ApplicationHeartbeat - Heartbeat sent to the web server.
[INFO] 2017-05-18 16:05:12,499 [pool-2-thread-1] caseonline.judger.engine.application.ApplicationHeartbeat - Heartbeat sent to the web server.
[INFO] 2017-05-18 16:05:32,492 [pool-2-thread-1] caseonline.judger.engine.application.ApplicationHeartbeat - Heartbeat sent to the web server.
[INFO] 2017-05-18 16:05:52,492 [pool-2-thread-1] caseonline.judger.engine.application.ApplicationHeartbeat - Heartbeat sent to the web server.
[INFO] 2017-05-18 16:06:12,492 [pool-2-thread-1] caseonline.judger.engine.application.ApplicationHeartbeat - Heartbeat sent to the web server.
[INFO] 2017-05-18 16:06:32,492 [pool-2-thread-1] caseonline.judger.engine.application.ApplicationHeartbeat - Heartbeat sent to the web server.
[INFO] 2017-05-18 16:06:52,494 [pool-2-thread-1] caseonline.judger.engine.application.ApplicationHeartbeat - Heartbeat sent to the web server.
[INFO] 2017-05-18 16:07:12,507 [pool-2-thread-1] caseonline.judger.engine.application.ApplicationHeartbeat - Heartbeat sent to the web server.
[INFO] 2017-05-18 16:07:32,496 [pool-2-thread-1] caseonline.judger.engine.application.ApplicationHeartbeat - Heartbeat sent to the web server.
[INFO] 2017-05-18 16:07:44,782 [ActiveMQ Session Task-1] caseonline.judger.engine.messenger.MessageReceiver - 收到任务
[WARN] 2017-05-18 16:07:46,245 [ActiveMQ Session Task-1] caseonline.judger.engine.util.FileManager - 创建单个文件/tmp/ant失败，目标文件已存在！
[WARN] 2017-05-18 16:07:46,246 [ActiveMQ Session Task-1] caseonline.judger.engine.util.FileManager - 创建单个文件/tmp/ant失败！
[INFO] 2017-05-18 16:07:52,497 [pool-2-thread-1] caseonline.judger.engine.application.ApplicationHeartbeat - Heartbeat sent to the web server.
[INFO] 2017-05-18 16:08:12,515 [pool-2-thread-1] caseonline.judger.engine.application.ApplicationHeartbeat - Heartbeat sent to the web server.
[INFO] 2017-05-18 16:08:32,497 [pool-2-thread-1] caseonline.judger.engine.application.ApplicationHeartbeat - Heartbeat sent to the web server.
[INFO] 2017-05-18 16:08:52,497 [pool-2-thread-1] caseonline.judger.engine.application.ApplicationHeartbeat - Heartbeat sent to the web server.
[INFO] 2017-05-18 16:09:12,498 [pool-2-thread-1] caseonline.judger.engine.application.ApplicationHeartbeat - Heartbeat sent to the web server.
[INFO] 2017-05-18 16:09:32,499 [pool-2-thread-1] caseonline.judger.engine.application.ApplicationHeartbeat - Heartbeat sent to the web server.
[INFO] 2017-05-18 16:09:52,498 [pool-2-thread-1] caseonline.judger.engine.application.ApplicationHeartbeat - Heartbeat sent to the web server.
[INFO] 2017-05-18 16:10:12,500 [pool-2-thread-1] caseonline.judger.engine.application.ApplicationHeartbeat - Heartbeat sent to the web server.
[INFO] 2017-05-18 16:10:32,500 [pool-2-thread-1] caseonline.judger.engine.application.ApplicationHeartbeat - Heartbeat sent to the web server.
[INFO] 2017-05-18 16:10:52,507 [pool-2-thread-1] caseonline.judger.engine.application.ApplicationHeartbeat - Heartbeat sent to the web server.
[INFO] 2017-05-18 16:11:12,503 [pool-2-thread-1] caseonline.judger.engine.application.ApplicationHeartbeat - Heartbeat sent to the web server.
[INFO] 2017-05-18 16:11:32,503 [pool-2-thread-1] caseonline.judger.engine.application.ApplicationHeartbeat - Heartbeat sent to the web server.
[INFO] 2017-05-18 16:11:52,567 [pool-2-thread-1] caseonline.judger.engine.application.ApplicationHeartbeat - Heartbeat sent to the web server.
[INFO] 2017-05-18 16:12:12,505 [pool-2-thread-1] caseonline.judger.engine.application.ApplicationHeartbeat - Heartbeat sent to the web server.
[INFO] 2017-05-18 16:12:32,507 [pool-2-thread-1] caseonline.judger.engine.application.ApplicationHeartbeat - Heartbeat sent to the web server.
[INFO] 2017-05-18 16:12:52,507 [pool-2-thread-1] caseonline.judger.engine.application.ApplicationHeartbeat - Heartbeat sent to the web server.
[INFO] 2017-05-18 16:13:12,508 [pool-2-thread-1] caseonline.judger.engine.application.ApplicationHeartbeat - Heartbeat sent to the web server.
[INFO] 2017-05-18 16:13:32,508 [pool-2-thread-1] caseonline.judger.engine.application.ApplicationHeartbeat - Heartbeat sent to the web server.
[INFO] 2017-05-18 16:13:52,508 [pool-2-thread-1] caseonline.judger.engine.application.ApplicationHeartbeat - Heartbeat sent to the web server.
[INFO] 2017-05-18 16:14:12,508 [pool-2-thread-1] caseonline.judger.engine.application.ApplicationHeartbeat - Heartbeat sent to the web server.
[INFO] 2017-05-18 16:14:32,508 [pool-2-thread-1] caseonline.judger.engine.application.ApplicationHeartbeat - Heartbeat sent to the web server.
[INFO] 2017-05-18 16:14:52,512 [pool-2-thread-1] caseonline.judger.engine.application.ApplicationHeartbeat - Heartbeat sent to the web server.
[INFO] 2017-05-18 16:15:12,527 [pool-2-thread-1] caseonline.judger.engine.application.ApplicationHeartbeat - Heartbeat sent to the web server.
[INFO] 2017-05-18 16:15:32,511 [pool-2-thread-1] caseonline.judger.engine.application.ApplicationHeartbeat - Heartbeat sent to the web server.
[INFO] 2017-05-18 16:15:52,513 [pool-2-thread-1] caseonline.judger.engine.application.ApplicationHeartbeat - Heartbeat sent to the web server.
[INFO] 2017-05-18 16:16:12,511 [pool-2-thread-1] caseonline.judger.engine.application.ApplicationHeartbeat - Heartbeat sent to the web server.
[INFO] 2017-05-18 16:16:32,515 [pool-2-thread-1] caseonline.judger.engine.application.ApplicationHeartbeat - Heartbeat sent to the web server.
[INFO] 2017-05-18 16:16:52,514 [pool-2-thread-1] caseonline.judger.engine.application.ApplicationHeartbeat - Heartbeat sent to the web server.
[INFO] 2017-05-18 16:17:12,514 [pool-2-thread-1] caseonline.judger.engine.application.ApplicationHeartbeat - Heartbeat sent to the web server.
[INFO] 2017-05-18 16:17:32,515 [pool-2-thread-1] caseonline.judger.engine.application.ApplicationHeartbeat - Heartbeat sent to the web server.
[INFO] 2017-05-18 16:17:52,515 [pool-2-thread-1] caseonline.judger.engine.application.ApplicationHeartbeat - Heartbeat sent to the web server.
[INFO] 2017-05-18 16:18:12,515 [pool-2-thread-1] caseonline.judger.engine.application.ApplicationHeartbeat - Heartbeat sent to the web server.
[INFO] 2017-05-18 16:18:32,540 [pool-2-thread-1] caseonline.judger.engine.application.ApplicationHeartbeat - Heartbeat sent to the web server.
[INFO] 2017-05-18 16:18:52,519 [pool-2-thread-1] caseonline.judger.engine.application.ApplicationHeartbeat - Heartbeat sent to the web server.
[INFO] 2017-05-18 16:19:12,521 [pool-2-thread-1] caseonline.judger.engine.application.ApplicationHeartbeat - Heartbeat sent to the web server.
[INFO] 2017-05-18 16:19:32,517 [pool-2-thread-1] caseonline.judger.engine.application.ApplicationHeartbeat - Heartbeat sent to the web server.
[INFO] 2017-05-18 16:19:52,518 [pool-2-thread-1] caseonline.judger.engine.application.ApplicationHeartbeat - Heartbeat sent to the web server.
[INFO] 2017-05-18 16:20:12,518 [pool-2-thread-1] caseonline.judger.engine.application.ApplicationHeartbeat - Heartbeat sent to the web server.
[INFO] 2017-05-18 16:20:32,520 [pool-2-thread-1] caseonline.judger.engine.application.ApplicationHeartbeat - Heartbeat sent to the web server.
[INFO] 2017-05-18 16:20:52,522 [pool-2-thread-1] caseonline.judger.engine.application.ApplicationHeartbeat - Heartbeat sent to the web server.
[INFO] 2017-05-18 16:21:12,523 [pool-2-thread-1] caseonline.judger.engine.application.ApplicationHeartbeat - Heartbeat sent to the web server.
[INFO] 2017-05-18 16:21:32,522 [pool-2-thread-1] caseonline.judger.engine.application.ApplicationHeartbeat - Heartbeat sent to the web server.
[INFO] 2017-05-18 16:21:52,523 [pool-2-thread-1] caseonline.judger.engine.application.ApplicationHeartbeat - Heartbeat sent to the web server.
[INFO] 2017-05-18 16:22:12,522 [pool-2-thread-1] caseonline.judger.engine.application.ApplicationHeartbeat - Heartbeat sent to the web server.
[INFO] 2017-05-18 16:22:32,528 [pool-2-thread-1] caseonline.judger.engine.application.ApplicationHeartbeat - Heartbeat sent to the web server.
[INFO] 2017-05-18 16:22:52,526 [pool-2-thread-1] caseonline.judger.engine.application.ApplicationHeartbeat - Heartbeat sent to the web server.
[INFO] 2017-05-18 16:23:12,527 [pool-2-thread-1] caseonline.judger.engine.application.ApplicationHeartbeat - Heartbeat sent to the web server.
[INFO] 2017-05-18 16:23:32,527 [pool-2-thread-1] caseonline.judger.engine.application.ApplicationHeartbeat - Heartbeat sent to the web server.
[INFO] 2017-05-18 16:23:52,529 [pool-2-thread-1] caseonline.judger.engine.application.ApplicationHeartbeat - Heartbeat sent to the web server.
[INFO] 2017-05-18 16:24:12,527 [pool-2-thread-1] caseonline.judger.engine.application.ApplicationHeartbeat - Heartbeat sent to the web server.
[INFO] 2017-05-18 16:24:32,528 [pool-2-thread-1] caseonline.judger.engine.application.ApplicationHeartbeat - Heartbeat sent to the web server.
[INFO] 2017-05-18 16:24:52,528 [pool-2-thread-1] caseonline.judger.engine.application.ApplicationHeartbeat - Heartbeat sent to the web server.
[INFO] 2017-05-18 16:25:12,530 [pool-2-thread-1] caseonline.judger.engine.application.ApplicationHeartbeat - Heartbeat sent to the web server.
[INFO] 2017-05-18 16:25:32,535 [pool-2-thread-1] caseonline.judger.engine.application.ApplicationHeartbeat - Heartbeat sent to the web server.
[INFO] 2017-05-18 16:25:52,531 [pool-2-thread-1] caseonline.judger.engine.application.ApplicationHeartbeat - Heartbeat sent to the web server.
[INFO] 2017-05-18 16:26:12,536 [pool-2-thread-1] caseonline.judger.engine.application.ApplicationHeartbeat - Heartbeat sent to the web server.
[INFO] 2017-05-18 16:26:32,532 [pool-2-thread-1] caseonline.judger.engine.application.ApplicationHeartbeat - Heartbeat sent to the web server.
[INFO] 2017-05-18 16:26:52,535 [pool-2-thread-1] caseonline.judger.engine.application.ApplicationHeartbeat - Heartbeat sent to the web server.
[INFO] 2017-05-18 16:27:12,532 [pool-2-thread-1] caseonline.judger.engine.application.ApplicationHeartbeat - Heartbeat sent to the web server.
[INFO] 2017-05-18 16:27:32,613 [pool-2-thread-1] caseonline.judger.engine.application.ApplicationHeartbeat - Heartbeat sent to the web server.
[INFO] 2017-05-18 16:27:52,537 [pool-2-thread-1] caseonline.judger.engine.application.ApplicationHeartbeat - Heartbeat sent to the web server.
[INFO] 2017-05-18 16:28:12,610 [pool-2-thread-1] caseonline.judger.engine.application.ApplicationHeartbeat - Heartbeat sent to the web server.
[INFO] 2017-05-18 16:28:32,539 [pool-2-thread-1] caseonline.judger.engine.application.ApplicationHeartbeat - Heartbeat sent to the web server.
[INFO] 2017-05-18 16:28:52,613 [pool-2-thread-1] caseonline.judger.engine.application.ApplicationHeartbeat - Heartbeat sent to the web server.
[INFO] 2017-05-18 16:29:12,611 [pool-2-thread-1] caseonline.judger.engine.application.ApplicationHeartbeat - Heartbeat sent to the web server.
[INFO] 2017-05-18 16:29:32,536 [pool-2-thread-1] caseonline.judger.engine.application.ApplicationHeartbeat - Heartbeat sent to the web server.
[INFO] 2017-05-18 16:29:52,615 [pool-2-thread-1] caseonline.judger.engine.application.ApplicationHeartbeat - Heartbeat sent to the web server.
[INFO] 2017-05-18 16:30:12,613 [pool-2-thread-1] caseonline.judger.engine.application.ApplicationHeartbeat - Heartbeat sent to the web server.
[INFO] 2017-05-18 16:30:32,610 [pool-2-thread-1] caseonline.judger.engine.application.ApplicationHeartbeat - Heartbeat sent to the web server.
[INFO] 2017-05-18 16:30:52,617 [pool-2-thread-1] caseonline.judger.engine.application.ApplicationHeartbeat - Heartbeat sent to the web server.
[INFO] 2017-05-18 16:31:12,615 [pool-2-thread-1] caseonline.judger.engine.application.ApplicationHeartbeat - Heartbeat sent to the web server.
[INFO] 2017-05-18 16:31:32,614 [pool-2-thread-1] caseonline.judger.engine.application.ApplicationHeartbeat - Heartbeat sent to the web server.
[INFO] 2017-05-18 16:31:52,614 [pool-2-thread-1] caseonline.judger.engine.application.ApplicationHeartbeat - Heartbeat sent to the web server.
[INFO] 2017-05-18 16:32:12,541 [pool-2-thread-1] caseonline.judger.engine.application.ApplicationHeartbeat - Heartbeat sent to the web server.
[INFO] 2017-05-18 16:32:32,541 [pool-2-thread-1] caseonline.judger.engine.application.ApplicationHeartbeat - Heartbeat sent to the web server.
[INFO] 2017-05-18 16:32:52,542 [pool-2-thread-1] caseonline.judger.engine.application.ApplicationHeartbeat - Heartbeat sent to the web server.
[INFO] 2017-05-18 16:33:12,615 [pool-2-thread-1] caseonline.judger.engine.application.ApplicationHeartbeat - Heartbeat sent to the web server.
[INFO] 2017-05-18 16:33:32,544 [pool-2-thread-1] caseonline.judger.engine.application.ApplicationHeartbeat - Heartbeat sent to the web server.
[INFO] 2017-05-18 16:33:52,614 [pool-2-thread-1] caseonline.judger.engine.application.ApplicationHeartbeat - Heartbeat sent to the web server.
[INFO] 2017-05-18 16:34:12,613 [pool-2-thread-1] caseonline.judger.engine.application.ApplicationHeartbeat - Heartbeat sent to the web server.
[INFO] 2017-05-18 16:34:32,549 [pool-2-thread-1] caseonline.judger.engine.application.ApplicationHeartbeat - Heartbeat sent to the web server.
[INFO] 2017-05-18 16:34:52,552 [pool-2-thread-1] caseonline.judger.engine.application.ApplicationHeartbeat - Heartbeat sent to the web server.
[INFO] 2017-05-18 16:35:12,606 [pool-2-thread-1] caseonline.judger.engine.application.ApplicationHeartbeat - Heartbeat sent to the web server.
[INFO] 2017-05-18 16:35:32,551 [pool-2-thread-1] caseonline.judger.engine.application.ApplicationHeartbeat - Heartbeat sent to the web server.
[INFO] 2017-05-18 16:35:52,616 [pool-2-thread-1] caseonline.judger.engine.application.ApplicationHeartbeat - Heartbeat sent to the web server.
[INFO] 2017-05-18 16:36:12,615 [pool-2-thread-1] caseonline.judger.engine.application.ApplicationHeartbeat - Heartbeat sent to the web server.
[INFO] 2017-05-18 16:36:32,553 [pool-2-thread-1] caseonline.judger.engine.application.ApplicationHeartbeat - Heartbeat sent to the web server.
[INFO] 2017-05-18 16:36:52,613 [pool-2-thread-1] caseonline.judger.engine.application.ApplicationHeartbeat - Heartbeat sent to the web server.
[INFO] 2017-05-18 16:37:12,552 [pool-2-thread-1] caseonline.judger.engine.application.ApplicationHeartbeat - Heartbeat sent to the web server.
[INFO] 2017-05-18 16:37:32,553 [pool-2-thread-1] caseonline.judger.engine.application.ApplicationHeartbeat - Heartbeat sent to the web server.
[INFO] 2017-05-18 16:37:52,611 [pool-2-thread-1] caseonline.judger.engine.application.ApplicationHeartbeat - Heartbeat sent to the web server.
[INFO] 2017-05-18 16:38:12,554 [pool-2-thread-1] caseonline.judger.engine.application.ApplicationHeartbeat - Heartbeat sent to the web server.
[INFO] 2017-05-18 16:38:32,556 [pool-2-thread-1] caseonline.judger.engine.application.ApplicationHeartbeat - Heartbeat sent to the web server.
[INFO] 2017-05-18 16:38:52,614 [pool-2-thread-1] caseonline.judger.engine.application.ApplicationHeartbeat - Heartbeat sent to the web server.
[INFO] 2017-05-18 16:39:12,610 [pool-2-thread-1] caseonline.judger.engine.application.ApplicationHeartbeat - Heartbeat sent to the web server.
[INFO] 2017-05-18 16:39:32,614 [pool-2-thread-1] caseonline.judger.engine.application.ApplicationHeartbeat - Heartbeat sent to the web server.
[INFO] 2017-05-18 16:39:52,555 [pool-2-thread-1] caseonline.judger.engine.application.ApplicationHeartbeat - Heartbeat sent to the web server.
